{
  "stats": {
    "suites": 1,
    "tests": 1,
    "passes": 0,
    "pending": 0,
    "failures": 1,
    "start": "2026-05-21T10:06:50.597Z",
    "end": "2026-05-21T10:06:50.845Z",
    "duration": 248,
    "testsRegistered": 1,
    "passPercent": 0,
    "pendingPercent": 0,
    "other": 0,
    "hasOther": false,
    "skipped": 0,
    "hasSkipped": false
  },
  "results": [
    {
      "uuid": "101b8a95-3df1-4c90-b37a-d7b46f5fdd93",
      "title": "",
      "fullFile": "cypress\\e2e\\Footer.cy.js",
      "file": "cypress\\e2e\\Footer.cy.js",
      "beforeHooks": [],
      "afterHooks": [],
      "tests": [],
      "suites": [
        {
          "uuid": "6e0611d5-6e35-4c28-9861-26fac3a81e77",
          "title": "Footer social links",
          "fullFile": "",
          "file": "",
          "beforeHooks": [],
          "afterHooks": [],
          "tests": [
            {
              "title": "should verify all social media links, logo and email in footer",
              "fullTitle": "Footer social links should verify all social media links, logo and email in footer",
              "timedOut": null,
              "duration": 190,
              "state": "failed",
              "speed": null,
              "pass": false,
              "fail": true,
              "pending": false,
              "context": null,
              "code": "cy.get('.contacts_socials').scrollIntoView().should('be.visible');\nsocialLinks.forEach(link => {\n  cy.get(link.icon).closest('a').should('be.visible').and('have.attr', 'href', link.url);\n});\ncy.contains('a', 'ithillel.ua').should('be.visible').and('have.attr', 'href', 'https://ithillel.ua');\ncy.contains('a', 'support@ithillel.ua').should('be.visible').and('have.attr', 'href', 'mailto:developer@ithillel.ua');",
              "err": {
                "message": "CypressError: `cy.visit()` must be called with a `url` or an `options` object containing a `url` as its 1st argument\n\nhttps://on.cypress.io/visit\n\nBecause this error occurred during a `before each` hook we are skipping the remaining tests in the current suite: `Footer social links`",
                "estack": "CypressError: `cy.visit()` must be called with a `url` or an `options` object containing a `url` as its 1st argument\n\nhttps://on.cypress.io/visit\n\nBecause this error occurred during a `before each` hook we are skipping the remaining tests in the current suite: `Footer social links`\n    at Context.visit (http://localhost:55562/__cypress/runner/cypress_runner.js:131230:70)\n    at wrapped (http://localhost:55562/__cypress/runner/cypress_runner.js:138084:43)\nFrom Your Spec Code:\n    at loginAsGuest (webpack://cypress-tests/./cypress/e2e/helpers/login.cy.js:4:5)\n    at Context.eval (webpack://cypress-tests/./cypress/e2e/Footer.cy.js:63:17)",
                "diff": null
              },
              "uuid": "50567d81-b3f9-477e-b906-3b160f93b770",
              "parentUUID": "6e0611d5-6e35-4c28-9861-26fac3a81e77",
              "isHook": false,
              "skipped": false
            }
          ],
          "suites": [],
          "passes": [],
          "failures": [
            "50567d81-b3f9-477e-b906-3b160f93b770"
          ],
          "pending": [],
          "skipped": [],
          "duration": 190,
          "root": false,
          "rootEmpty": false,
          "_timeout": 2000
        }
      ],
      "passes": [],
      "failures": [],
      "pending": [],
      "skipped": [],
      "duration": 0,
      "root": true,
      "rootEmpty": true,
      "_timeout": 2000
    }
  ],
  "meta": {
    "mocha": {
      "version": "7.0.1"
    },
    "mochawesome": {
      "options": {
        "quiet": false,
        "reportFilename": "mochawesome",
        "saveHtml": false,
        "saveJson": true,
        "consoleReporter": "spec",
        "useInlineDiffs": false,
        "code": true
      },
      "version": "7.1.4"
    },
    "marge": {
      "options": {
        "reportDir": "cypress/results",
        "overwrite": false,
        "html": false,
        "json": true
      },
      "version": "6.3.2"
    }
  }
}