{
  "stats": {
    "suites": 1,
    "tests": 4,
    "passes": 2,
    "pending": 0,
    "failures": 2,
    "start": "2026-05-21T11:09:31.154Z",
    "end": "2026-05-21T11:09:46.105Z",
    "duration": 14951,
    "testsRegistered": 4,
    "passPercent": 50,
    "pendingPercent": 0,
    "other": 0,
    "hasOther": false,
    "skipped": 0,
    "hasSkipped": false
  },
  "results": [
    {
      "uuid": "c1d6ae6b-5c4d-44d6-b5cf-bc97e8cd39cf",
      "title": "",
      "fullFile": "cypress\\e2e\\Commands\\GarageCheck.cy.js",
      "file": "cypress\\e2e\\Commands\\GarageCheck.cy.js",
      "beforeHooks": [],
      "afterHooks": [],
      "tests": [],
      "suites": [
        {
          "uuid": "3666ab9e-5bef-4bc4-9a34-a23e45164980",
          "title": "Garage: Add Car Validation and Creation",
          "fullFile": "",
          "file": "",
          "beforeHooks": [],
          "afterHooks": [],
          "tests": [
            {
              "title": "Step 1: Should open pop-up and verify layout elements",
              "fullTitle": "Garage: Add Car Validation and Creation Step 1: Should open pop-up and verify layout elements",
              "timedOut": null,
              "duration": 4247,
              "state": "passed",
              "speed": "fast",
              "pass": true,
              "fail": false,
              "pending": false,
              "context": null,
              "code": "_GaragePage.garagePage.addCarBtn.click();\n_GaragePage.garagePage.modalTitle.should('be.visible').and('have.text', 'Add a car');\n_GaragePage.garagePage.closeIcon.should('be.visible');\n_GaragePage.garagePage.cancelBtn.should('be.visible');\n_GaragePage.garagePage.submitAddCarBtn.should('be.disabled');\n// Обов'язково закриваємо модалку, щоб очистити стан для наступного тесту\n_GaragePage.garagePage.cancelBtn.click();",
              "err": {},
              "uuid": "37c93157-ff2d-4660-bb7e-41c7901b3866",
              "parentUUID": "3666ab9e-5bef-4bc4-9a34-a23e45164980",
              "isHook": false,
              "skipped": false
            },
            {
              "title": "Step 2: Should trigger validation error on empty mileage field",
              "fullTitle": "Garage: Add Car Validation and Creation Step 2: Should trigger validation error on empty mileage field",
              "timedOut": null,
              "duration": 6382,
              "state": "failed",
              "speed": null,
              "pass": false,
              "fail": true,
              "pending": false,
              "context": null,
              "code": "_GaragePage.garagePage.addCarBtn.click();\n_GaragePage.garagePage.mileageInput.focus().blur();\n// Перевіряємо помилку через метод getErrorMessage, який ми створили в Page Object\n_GaragePage.garagePage.mileageError.should('be.visible').and('have.text', 'Mileage cost required');\n_GaragePage.garagePage.mileageInput.should('have.css', 'border-color').and('eq', _GaragePage.garagePage.redColor);\n_GaragePage.garagePage.submitAddCarBtn.should('be.disabled');\n// Обов'язково закриваємо модалку після перевірки помилки\n_GaragePage.garagePage.cancelBtn.click();",
              "err": {
                "message": "AssertionError: Timed out retrying after 4000ms: Expected to find element: `#addCarMileage ~ .invalid-feedback`, but never found it.",
                "estack": "AssertionError: Timed out retrying after 4000ms: Expected to find element: `#addCarMileage ~ .invalid-feedback`, but never found it.\n    at Context.eval (webpack://cypress-tests/./cypress/e2e/Commands/GarageCheck.cy.js:31:28)",
                "diff": null
              },
              "uuid": "778eff46-ba6a-4476-aa85-388cb9112d48",
              "parentUUID": "3666ab9e-5bef-4bc4-9a34-a23e45164980",
              "isHook": false,
              "skipped": false
            },
            {
              "title": "Step 3: Should close pop-up when Cancel button is clicked",
              "fullTitle": "Garage: Add Car Validation and Creation Step 3: Should close pop-up when Cancel button is clicked",
              "timedOut": null,
              "duration": 2338,
              "state": "passed",
              "speed": "fast",
              "pass": true,
              "fail": false,
              "pending": false,
              "context": null,
              "code": "_GaragePage.garagePage.addCarBtn.click();\n_GaragePage.garagePage.cancelBtn.click();\n_GaragePage.garagePage.modalTitle.should('not.exist');",
              "err": {},
              "uuid": "dd82bcfd-34d7-4c7b-9581-fe0cb86fb591",
              "parentUUID": "3666ab9e-5bef-4bc4-9a34-a23e45164980",
              "isHook": false,
              "skipped": false
            },
            {
              "title": "Step 4: Should successfully add a new car and display it in the garage",
              "fullTitle": "Garage: Add Car Validation and Creation Step 4: Should successfully add a new car and display it in the garage",
              "timedOut": null,
              "duration": 1812,
              "state": "failed",
              "speed": null,
              "pass": false,
              "fail": true,
              "pending": false,
              "context": null,
              "code": "_GaragePage.garagePage.addCarBtn.click();\nconst brand = 'BMW';\nconst model = 'X5';\nconst mileage = '150';\n// Заповнюємо форму за допомогою методу з нашого Page Object\n_GaragePage.garagePage.fillCarForm(brand, model, mileage);\n// Кликаємо Add та перевіряємо результат\n_GaragePage.garagePage.submitAddCarBtn.should('not.be.disabled').click();\n_GaragePage.garagePage.modalTitle.should('not.exist');\n_GaragePage.garagePage.carItemName.first().should('be.visible').and('contain', `${brand} ${model}`);",
              "err": {
                "message": "TypeError: _GaragePage.garagePage.fillCarForm is not a function",
                "estack": "TypeError: _GaragePage.garagePage.fillCarForm is not a function\n    at Context.eval (webpack://cypress-tests/./cypress/e2e/Commands/GarageCheck.cy.js:53:15)",
                "diff": null
              },
              "uuid": "41ad9dcb-bc71-4e5d-890c-a01a96ecbac6",
              "parentUUID": "3666ab9e-5bef-4bc4-9a34-a23e45164980",
              "isHook": false,
              "skipped": false
            }
          ],
          "suites": [],
          "passes": [
            "37c93157-ff2d-4660-bb7e-41c7901b3866",
            "dd82bcfd-34d7-4c7b-9581-fe0cb86fb591"
          ],
          "failures": [
            "778eff46-ba6a-4476-aa85-388cb9112d48",
            "41ad9dcb-bc71-4e5d-890c-a01a96ecbac6"
          ],
          "pending": [],
          "skipped": [],
          "duration": 14779,
          "root": false,
          "rootEmpty": false,
          "_timeout": 2000
        }
      ],
      "passes": [],
      "failures": [],
      "pending": [],
      "skipped": [],
      "duration": 0,
      "root": true,
      "rootEmpty": true,
      "_timeout": 2000
    }
  ],
  "meta": {
    "mocha": {
      "version": "7.0.1"
    },
    "mochawesome": {
      "options": {
        "quiet": false,
        "reportFilename": "mochawesome",
        "saveHtml": false,
        "saveJson": true,
        "consoleReporter": "spec",
        "useInlineDiffs": false,
        "code": true
      },
      "version": "7.1.4"
    },
    "marge": {
      "options": {
        "reportDir": "cypress/results",
        "overwrite": false,
        "html": false,
        "json": true
      },
      "version": "6.3.2"
    }
  }
}