{
  "stats": {
    "suites": 1,
    "tests": 5,
    "passes": 4,
    "pending": 0,
    "failures": 1,
    "start": "2026-05-21T11:43:50.568Z",
    "end": "2026-05-21T11:44:06.570Z",
    "duration": 16002,
    "testsRegistered": 5,
    "passPercent": 80,
    "pendingPercent": 0,
    "other": 0,
    "hasOther": false,
    "skipped": 0,
    "hasSkipped": false
  },
  "results": [
    {
      "uuid": "75aece7d-7bb7-4a79-9d83-b0b697aef2bb",
      "title": "",
      "fullFile": "cypress\\e2e\\Commands\\GarageCheck.cy.js",
      "file": "cypress\\e2e\\Commands\\GarageCheck.cy.js",
      "beforeHooks": [],
      "afterHooks": [],
      "tests": [],
      "suites": [
        {
          "uuid": "5aadf3fe-31d5-458b-aa98-eada58650a34",
          "title": "Garage: Add Car Validation and Creation",
          "fullFile": "",
          "file": "",
          "beforeHooks": [],
          "afterHooks": [],
          "tests": [
            {
              "title": "Step 1: Should open pop-up and verify layout elements",
              "fullTitle": "Garage: Add Car Validation and Creation Step 1: Should open pop-up and verify layout elements",
              "timedOut": null,
              "duration": 3983,
              "state": "passed",
              "speed": "fast",
              "pass": true,
              "fail": false,
              "pending": false,
              "context": null,
              "code": "_GaragePage.garagePage.addCarBtn.click();\n_GaragePage.garagePage.modalTitle.should('be.visible').and('have.text', 'Add a car');\n_GaragePage.garagePage.closeIcon.should('be.visible');\n_GaragePage.garagePage.cancelBtn.should('be.visible');\n_GaragePage.garagePage.submitAddCarBtn.should('be.disabled');",
              "err": {},
              "uuid": "11980d3f-4c44-4710-a838-2ce2daebbb12",
              "parentUUID": "5aadf3fe-31d5-458b-aa98-eada58650a34",
              "isHook": false,
              "skipped": false
            },
            {
              "title": "Step 2: Should trigger validation error on empty mileage field",
              "fullTitle": "Garage: Add Car Validation and Creation Step 2: Should trigger validation error on empty mileage field",
              "timedOut": null,
              "duration": 3784,
              "state": "passed",
              "speed": "fast",
              "pass": true,
              "fail": false,
              "pending": false,
              "context": null,
              "code": "_GaragePage.garagePage.addCarBtn.click();\n_GaragePage.garagePage.mileageInput.type('1').clear().blur();\n_GaragePage.garagePage.mileageError.should('be.visible').and('have.text', 'Mileage cost required');\n_GaragePage.garagePage.mileageInput.should('have.css', 'border-color').and('eq', _GaragePage.garagePage.redColor);\n_GaragePage.garagePage.submitAddCarBtn.should('be.disabled');",
              "err": {},
              "uuid": "97a8ec17-3ced-4df4-9e58-8628a0260150",
              "parentUUID": "5aadf3fe-31d5-458b-aa98-eada58650a34",
              "isHook": false,
              "skipped": false
            },
            {
              "title": "Step 3: Should close pop-up when Cancel button is clicked",
              "fullTitle": "Garage: Add Car Validation and Creation Step 3: Should close pop-up when Cancel button is clicked",
              "timedOut": null,
              "duration": 3358,
              "state": "passed",
              "speed": "fast",
              "pass": true,
              "fail": false,
              "pending": false,
              "context": null,
              "code": "_GaragePage.garagePage.addCarBtn.click();\n_GaragePage.garagePage.cancelBtn.click();\n_GaragePage.garagePage.modalTitle.should('not.exist');",
              "err": {},
              "uuid": "6be64396-54d8-4d58-bcd9-0ef86e50bf33",
              "parentUUID": "5aadf3fe-31d5-458b-aa98-eada58650a34",
              "isHook": false,
              "skipped": false
            },
            {
              "title": "Step 4: Should close pop-up when Close (X) icon is clicked",
              "fullTitle": "Garage: Add Car Validation and Creation Step 4: Should close pop-up when Close (X) icon is clicked",
              "timedOut": null,
              "duration": 2505,
              "state": "passed",
              "speed": "fast",
              "pass": true,
              "fail": false,
              "pending": false,
              "context": null,
              "code": "_GaragePage.garagePage.addCarBtn.click();\n_GaragePage.garagePage.closeIcon.click();\n_GaragePage.garagePage.modalTitle.should('not.exist');",
              "err": {},
              "uuid": "a6a26c26-6a86-4725-9e62-5f421aa2c2a3",
              "parentUUID": "5aadf3fe-31d5-458b-aa98-eada58650a34",
              "isHook": false,
              "skipped": false
            },
            {
              "title": "Step 5: Should successfully add a new car and display it in the garage",
              "fullTitle": "Garage: Add Car Validation and Creation Step 5: Should successfully add a new car and display it in the garage",
              "timedOut": null,
              "duration": 2097,
              "state": "failed",
              "speed": null,
              "pass": false,
              "fail": true,
              "pending": false,
              "context": null,
              "code": "_GaragePage.garagePage.addCarBtn.click();\nconst brand = 'BMW';\nconst model = 'X5';\nconst uniqueMileage = (Math.floor(Math.random() * 90000) + 1000).toString();\n_GaragePage.garagePage.fillCarForm(brand, model, uniqueMileage);\n_GaragePage.garagePage.submitAddCarBtn.should('not.be.disabled').click();\n_GaragePage.garagePage.modalContainer.should('not.exist');\n_GaragePage.garagePage.carItemName.should('be.visible').and('contain', `${brand} ${model}`);\ncy.get('.car-item').should('contain', uniqueMileage);",
              "err": {
                "message": "TypeError: Cannot read properties of undefined (reading 'should')",
                "estack": "TypeError: Cannot read properties of undefined (reading 'should')\n    at Context.eval (webpack://cypress-tests/./cypress/e2e/Commands/GarageCheck.cy.js:57:30)",
                "diff": null
              },
              "uuid": "2ed64a69-26a3-4133-a1f9-9c24c6dc47f8",
              "parentUUID": "5aadf3fe-31d5-458b-aa98-eada58650a34",
              "isHook": false,
              "skipped": false
            }
          ],
          "suites": [],
          "passes": [
            "11980d3f-4c44-4710-a838-2ce2daebbb12",
            "97a8ec17-3ced-4df4-9e58-8628a0260150",
            "6be64396-54d8-4d58-bcd9-0ef86e50bf33",
            "a6a26c26-6a86-4725-9e62-5f421aa2c2a3"
          ],
          "failures": [
            "2ed64a69-26a3-4133-a1f9-9c24c6dc47f8"
          ],
          "pending": [],
          "skipped": [],
          "duration": 15727,
          "root": false,
          "rootEmpty": false,
          "_timeout": 2000
        }
      ],
      "passes": [],
      "failures": [],
      "pending": [],
      "skipped": [],
      "duration": 0,
      "root": true,
      "rootEmpty": true,
      "_timeout": 2000
    }
  ],
  "meta": {
    "mocha": {
      "version": "7.0.1"
    },
    "mochawesome": {
      "options": {
        "quiet": false,
        "reportFilename": "mochawesome",
        "saveHtml": false,
        "saveJson": true,
        "consoleReporter": "spec",
        "useInlineDiffs": false,
        "code": true
      },
      "version": "7.1.4"
    },
    "marge": {
      "options": {
        "reportDir": "cypress/results",
        "overwrite": false,
        "html": false,
        "json": true
      },
      "version": "6.3.2"
    }
  }
}