{
  "stats": {
    "suites": 1,
    "tests": 1,
    "passes": 0,
    "pending": 0,
    "failures": 1,
    "start": "2026-05-21T10:21:10.649Z",
    "end": "2026-05-21T10:21:10.960Z",
    "duration": 311,
    "testsRegistered": 4,
    "passPercent": 0,
    "pendingPercent": 0,
    "other": 0,
    "hasOther": false,
    "skipped": 3,
    "hasSkipped": true
  },
  "results": [
    {
      "uuid": "65ebac90-7635-44f2-92e5-b670236acd6c",
      "title": "",
      "fullFile": "cypress\\e2e\\Commands\\GarageCheck.cy.js",
      "file": "cypress\\e2e\\Commands\\GarageCheck.cy.js",
      "beforeHooks": [],
      "afterHooks": [],
      "tests": [],
      "suites": [
        {
          "uuid": "ad0637c5-e27e-4457-bcee-7d00a005ef41",
          "title": "Garage: Add Car Validation and Creation",
          "fullFile": "",
          "file": "",
          "beforeHooks": [],
          "afterHooks": [],
          "tests": [
            {
              "title": "Step 1: Should open pop-up and verify layout elements",
              "fullTitle": "Garage: Add Car Validation and Creation Step 1: Should open pop-up and verify layout elements",
              "timedOut": null,
              "duration": 238,
              "state": "failed",
              "speed": null,
              "pass": false,
              "fail": true,
              "pending": false,
              "context": null,
              "code": "_GaragePage.garagePage.addCarBtn.click();\n_GaragePage.garagePage.modalTitle.should('be.visible').and('have.text', 'Add a car');\n_GaragePage.garagePage.closeIcon.should('be.visible');\n_GaragePage.garagePage.cancelBtn.should('be.visible');\n_GaragePage.garagePage.submitAddCarBtn.should('be.disabled');",
              "err": {
                "message": "CypressError: `cy.visit()` failed trying to load:\n\n/\n\nWe failed looking for this file at the path:\n\n/Users/admin/aqa-advanced/cypress-tests/cypress-tests/cypress-tests/\n\nThe internal Cypress web server responded with:\n\n  > 404: Not Found\n\nBecause this error occurred during a `before each` hook we are skipping the remaining tests in the current suite: `Garage: Add Car Validation ...`",
                "estack": "CypressError: `cy.visit()` failed trying to load:\n\n/\n\nWe failed looking for this file at the path:\n\n/Users/admin/aqa-advanced/cypress-tests/cypress-tests/cypress-tests/\n\nThe internal Cypress web server responded with:\n\n  > 404: Not Found\n\nBecause this error occurred during a `before each` hook we are skipping the remaining tests in the current suite: `Garage: Add Car Validation ...`\n    at <unknown> (http://localhost:58287/__cypress/runner/cypress_runner.js:131591:76)\n    at visitFailedByErr (http://localhost:58287/__cypress/runner/cypress_runner.js:131006:12)\n    at <unknown> (http://localhost:58287/__cypress/runner/cypress_runner.js:131574:13)\n    at tryCatcher (http://localhost:58287/__cypress/runner/cypress_runner.js:1830:23)\n    at Promise._settlePromiseFromHandler (http://localhost:58287/__cypress/runner/cypress_runner.js:1542:31)\n    at Promise._settlePromise (http://localhost:58287/__cypress/runner/cypress_runner.js:1599:18)\n    at Promise._settlePromise0 (http://localhost:58287/__cypress/runner/cypress_runner.js:1644:10)\n    at Promise._settlePromises (http://localhost:58287/__cypress/runner/cypress_runner.js:1720:18)\n    at _drainQueueStep (http://localhost:58287/__cypress/runner/cypress_runner.js:2430:12)\n    at _drainQueue (http://localhost:58287/__cypress/runner/cypress_runner.js:2423:9)\n    at Async._drainQueues (http://localhost:58287/__cypress/runner/cypress_runner.js:2439:5)\n    at Async.drainQueues (http://localhost:58287/__cypress/runner/cypress_runner.js:2309:14)\nFrom Your Spec Code:\n    at loginAsGuest (webpack://cypress-tests/./cypress/e2e/helpers/LogIn.cy.js:19:5)\n    at Context.eval (webpack://cypress-tests/./cypress/e2e/Commands/GarageCheck.cy.js:6:17)",
                "diff": null
              },
              "uuid": "4aec39e7-8a79-447f-aaa6-e629adeb106b",
              "parentUUID": "ad0637c5-e27e-4457-bcee-7d00a005ef41",
              "isHook": false,
              "skipped": false
            },
            {
              "title": "Step 2: Should trigger validation error on empty mileage field",
              "fullTitle": "Garage: Add Car Validation and Creation Step 2: Should trigger validation error on empty mileage field",
              "timedOut": null,
              "duration": 0,
              "state": "skipped",
              "speed": null,
              "pass": false,
              "fail": false,
              "pending": false,
              "context": null,
              "code": "_GaragePage.garagePage.addCarBtn.click();\n_GaragePage.garagePage.mileageInput.focus().blur();\n_GaragePage.garagePage.mileageError.should('be.visible').and('have.text', 'Mileage cost required');\n_GaragePage.garagePage.mileageInput.should('have.css', 'border-color').and('eq', _GaragePage.garagePage.redColor);\n_GaragePage.garagePage.submitAddCarBtn.should('be.disabled');",
              "err": {},
              "uuid": "8f32a2dc-011f-4e21-b46c-5a81f06b80a9",
              "parentUUID": "ad0637c5-e27e-4457-bcee-7d00a005ef41",
              "isHook": false,
              "skipped": true
            },
            {
              "title": "Step 3: Should close pop-up when Cancel button is clicked",
              "fullTitle": "Garage: Add Car Validation and Creation Step 3: Should close pop-up when Cancel button is clicked",
              "timedOut": null,
              "duration": 0,
              "state": "skipped",
              "speed": null,
              "pass": false,
              "fail": false,
              "pending": false,
              "context": null,
              "code": "_GaragePage.garagePage.addCarBtn.click();\n_GaragePage.garagePage.cancelBtn.click();\n_GaragePage.garagePage.modalTitle.should('not.exist');",
              "err": {},
              "uuid": "6358dee8-0073-4f0f-88d5-4ec2f3de218a",
              "parentUUID": "ad0637c5-e27e-4457-bcee-7d00a005ef41",
              "isHook": false,
              "skipped": true
            },
            {
              "title": "Step 4: Should successfully add a new car and display it in the garage",
              "fullTitle": "Garage: Add Car Validation and Creation Step 4: Should successfully add a new car and display it in the garage",
              "timedOut": null,
              "duration": 0,
              "state": "skipped",
              "speed": null,
              "pass": false,
              "fail": false,
              "pending": false,
              "context": null,
              "code": "_GaragePage.garagePage.addCarBtn.click();\nconst brand = 'BMW';\nconst model = 'X5';\nconst mileage = '150';\n_GaragePage.garagePage.fillCarForm(brand, model, mileage);\n_GaragePage.garagePage.submitAddCarBtn.should('not.be.disabled').click();\n_GaragePage.garagePage.modalTitle.should('not.exist');\n_GaragePage.garagePage.carItemName.first().should('be.visible').and('contain', `${brand} ${model}`);",
              "err": {},
              "uuid": "85b43538-07e2-447e-b71c-4b114efe4d55",
              "parentUUID": "ad0637c5-e27e-4457-bcee-7d00a005ef41",
              "isHook": false,
              "skipped": true
            }
          ],
          "suites": [],
          "passes": [],
          "failures": [
            "4aec39e7-8a79-447f-aaa6-e629adeb106b"
          ],
          "pending": [],
          "skipped": [
            "8f32a2dc-011f-4e21-b46c-5a81f06b80a9",
            "6358dee8-0073-4f0f-88d5-4ec2f3de218a",
            "85b43538-07e2-447e-b71c-4b114efe4d55"
          ],
          "duration": 238,
          "root": false,
          "rootEmpty": false,
          "_timeout": 2000
        }
      ],
      "passes": [],
      "failures": [],
      "pending": [],
      "skipped": [],
      "duration": 0,
      "root": true,
      "rootEmpty": true,
      "_timeout": 2000
    }
  ],
  "meta": {
    "mocha": {
      "version": "7.0.1"
    },
    "mochawesome": {
      "options": {
        "quiet": false,
        "reportFilename": "mochawesome",
        "saveHtml": false,
        "saveJson": true,
        "consoleReporter": "spec",
        "useInlineDiffs": false,
        "code": true
      },
      "version": "7.1.4"
    },
    "marge": {
      "options": {
        "reportDir": "cypress/results",
        "overwrite": false,
        "html": false,
        "json": true
      },
      "version": "6.3.2"
    }
  }
}