{
  "stats": {
    "suites": 1,
    "tests": 1,
    "passes": 1,
    "pending": 0,
    "failures": 0,
    "start": "2026-05-21T10:03:30.585Z",
    "end": "2026-05-21T10:03:31.635Z",
    "duration": 1050,
    "testsRegistered": 1,
    "passPercent": 100,
    "pendingPercent": 0,
    "other": 0,
    "hasOther": false,
    "skipped": 0,
    "hasSkipped": false
  },
  "results": [
    {
      "uuid": "41dc4293-1c22-4b4f-a13d-372792ad8ab2",
      "title": "",
      "fullFile": "cypress\\e2e\\Header.cy.js",
      "file": "cypress\\e2e\\Header.cy.js",
      "beforeHooks": [],
      "afterHooks": [],
      "tests": [],
      "suites": [
        {
          "uuid": "9687337c-85be-4398-9568-e7244aef729b",
          "title": "Header queries",
          "fullFile": "",
          "file": "",
          "beforeHooks": [],
          "afterHooks": [],
          "tests": [
            {
              "title": "should find all header elements",
              "fullTitle": "Header queries should find all header elements",
              "timedOut": null,
              "duration": 960,
              "state": "passed",
              "speed": "fast",
              "pass": true,
              "fail": false,
              "pending": false,
              "context": null,
              "code": "cy.get('header .header_left svg').should('be.visible').and('have.attr', 'width', '135').and('have.attr', 'height', '30');\nnavItems.forEach(item => {\n  cy.contains(`${item.type}.header-link`, item.text).should('be.visible').and('have.attr', item.attr, item.value);\n});\ncy.contains('button.header-link', 'Guest log in').should('be.visible').and('have.class', '-guest');\ncy.get('button.header_signin').should('be.visible').and('contain', 'Sign In').and('have.class', 'btn-outline-white');",
              "err": {},
              "uuid": "c51b36b5-b6d6-4c65-b60d-960b037a7326",
              "parentUUID": "9687337c-85be-4398-9568-e7244aef729b",
              "isHook": false,
              "skipped": false
            }
          ],
          "suites": [],
          "passes": [
            "c51b36b5-b6d6-4c65-b60d-960b037a7326"
          ],
          "failures": [],
          "pending": [],
          "skipped": [],
          "duration": 960,
          "root": false,
          "rootEmpty": false,
          "_timeout": 2000
        }
      ],
      "passes": [],
      "failures": [],
      "pending": [],
      "skipped": [],
      "duration": 0,
      "root": true,
      "rootEmpty": true,
      "_timeout": 2000
    }
  ],
  "meta": {
    "mocha": {
      "version": "7.0.1"
    },
    "mochawesome": {
      "options": {
        "quiet": false,
        "reportFilename": "mochawesome",
        "saveHtml": false,
        "saveJson": true,
        "consoleReporter": "spec",
        "useInlineDiffs": false,
        "code": true
      },
      "version": "7.1.4"
    },
    "marge": {
      "options": {
        "reportDir": "cypress/results",
        "overwrite": false,
        "html": false,
        "json": true
      },
      "version": "6.3.2"
    }
  }
}