{
  "stats": {
    "suites": 1,
    "tests": 5,
    "passes": 5,
    "pending": 0,
    "failures": 0,
    "start": "2026-05-21T11:30:35.254Z",
    "end": "2026-05-21T11:30:49.907Z",
    "duration": 14653,
    "testsRegistered": 5,
    "passPercent": 100,
    "pendingPercent": 0,
    "other": 0,
    "hasOther": false,
    "skipped": 0,
    "hasSkipped": false
  },
  "results": [
    {
      "uuid": "8f5c817f-c727-4326-b5b5-98a5ae161387",
      "title": "",
      "fullFile": "cypress\\e2e\\Commands\\GarageCheck.cy.js",
      "file": "cypress\\e2e\\Commands\\GarageCheck.cy.js",
      "beforeHooks": [],
      "afterHooks": [],
      "tests": [],
      "suites": [
        {
          "uuid": "9054ae77-4aa0-4679-824a-f53ed181a221",
          "title": "Garage: Add Car Validation and Creation",
          "fullFile": "",
          "file": "",
          "beforeHooks": [],
          "afterHooks": [],
          "tests": [
            {
              "title": "Step 1: Should open pop-up and verify layout elements",
              "fullTitle": "Garage: Add Car Validation and Creation Step 1: Should open pop-up and verify layout elements",
              "timedOut": null,
              "duration": 4062,
              "state": "passed",
              "speed": "fast",
              "pass": true,
              "fail": false,
              "pending": false,
              "context": null,
              "code": "_GaragePage.garagePage.addCarBtn.click();\n_GaragePage.garagePage.modalTitle.should('be.visible').and('have.text', 'Add a car');\n_GaragePage.garagePage.closeIcon.should('be.visible');\n_GaragePage.garagePage.cancelBtn.should('be.visible');\n_GaragePage.garagePage.submitAddCarBtn.should('be.disabled');",
              "err": {},
              "uuid": "f9d86a98-1120-484b-818c-438d079eda4f",
              "parentUUID": "9054ae77-4aa0-4679-824a-f53ed181a221",
              "isHook": false,
              "skipped": false
            },
            {
              "title": "Step 2: Should trigger validation error on empty mileage field",
              "fullTitle": "Garage: Add Car Validation and Creation Step 2: Should trigger validation error on empty mileage field",
              "timedOut": null,
              "duration": 2656,
              "state": "passed",
              "speed": "fast",
              "pass": true,
              "fail": false,
              "pending": false,
              "context": null,
              "code": "_GaragePage.garagePage.addCarBtn.click();\n_GaragePage.garagePage.mileageInput.type('1').clear().blur();\n_GaragePage.garagePage.mileageError.should('be.visible').and('have.text', 'Mileage cost required');\n_GaragePage.garagePage.mileageInput.should('have.css', 'border-color').and('eq', _GaragePage.garagePage.redColor);\n_GaragePage.garagePage.submitAddCarBtn.should('be.disabled');",
              "err": {},
              "uuid": "fad0412f-1e3e-46ef-a1e0-feabce4e81c2",
              "parentUUID": "9054ae77-4aa0-4679-824a-f53ed181a221",
              "isHook": false,
              "skipped": false
            },
            {
              "title": "Step 3: Should close pop-up when Cancel button is clicked",
              "fullTitle": "Garage: Add Car Validation and Creation Step 3: Should close pop-up when Cancel button is clicked",
              "timedOut": null,
              "duration": 2329,
              "state": "passed",
              "speed": "fast",
              "pass": true,
              "fail": false,
              "pending": false,
              "context": null,
              "code": "_GaragePage.garagePage.addCarBtn.click();\n_GaragePage.garagePage.cancelBtn.click();\n_GaragePage.garagePage.modalTitle.should('not.exist');",
              "err": {},
              "uuid": "187f9897-5169-4557-a542-bf49aea5cefd",
              "parentUUID": "9054ae77-4aa0-4679-824a-f53ed181a221",
              "isHook": false,
              "skipped": false
            },
            {
              "title": "Step 4: Should close pop-up when Close (X) icon is clicked",
              "fullTitle": "Garage: Add Car Validation and Creation Step 4: Should close pop-up when Close (X) icon is clicked",
              "timedOut": null,
              "duration": 2238,
              "state": "passed",
              "speed": "fast",
              "pass": true,
              "fail": false,
              "pending": false,
              "context": null,
              "code": "_GaragePage.garagePage.addCarBtn.click();\n_GaragePage.garagePage.closeIcon.click();\n_GaragePage.garagePage.modalTitle.should('not.exist');",
              "err": {},
              "uuid": "c92a9866-6630-4b91-b89e-43587931f93a",
              "parentUUID": "9054ae77-4aa0-4679-824a-f53ed181a221",
              "isHook": false,
              "skipped": false
            },
            {
              "title": "Step 5: Should successfully add a new car and display it in the garage",
              "fullTitle": "Garage: Add Car Validation and Creation Step 5: Should successfully add a new car and display it in the garage",
              "timedOut": null,
              "duration": 3157,
              "state": "passed",
              "speed": "fast",
              "pass": true,
              "fail": false,
              "pending": false,
              "context": null,
              "code": "_GaragePage.garagePage.addCarBtn.click();\nconst brand = 'BMW';\nconst model = 'X5';\nconst mileage = '150';\n_GaragePage.garagePage.fillCarForm(brand, model, mileage);\n_GaragePage.garagePage.submitAddCarBtn.should('not.be.disabled').click();\n_GaragePage.garagePage.modalTitle.should('not.exist');\n_GaragePage.garagePage.carItemName.first().should('be.visible').and('contain', `${brand} ${model}`);",
              "err": {},
              "uuid": "27fbe502-fdb2-45c0-a7fc-fb3e564711c5",
              "parentUUID": "9054ae77-4aa0-4679-824a-f53ed181a221",
              "isHook": false,
              "skipped": false
            }
          ],
          "suites": [],
          "passes": [
            "f9d86a98-1120-484b-818c-438d079eda4f",
            "fad0412f-1e3e-46ef-a1e0-feabce4e81c2",
            "187f9897-5169-4557-a542-bf49aea5cefd",
            "c92a9866-6630-4b91-b89e-43587931f93a",
            "27fbe502-fdb2-45c0-a7fc-fb3e564711c5"
          ],
          "failures": [],
          "pending": [],
          "skipped": [],
          "duration": 14442,
          "root": false,
          "rootEmpty": false,
          "_timeout": 2000
        }
      ],
      "passes": [],
      "failures": [],
      "pending": [],
      "skipped": [],
      "duration": 0,
      "root": true,
      "rootEmpty": true,
      "_timeout": 2000
    }
  ],
  "meta": {
    "mocha": {
      "version": "7.0.1"
    },
    "mochawesome": {
      "options": {
        "quiet": false,
        "reportFilename": "mochawesome",
        "saveHtml": false,
        "saveJson": true,
        "consoleReporter": "spec",
        "useInlineDiffs": false,
        "code": true
      },
      "version": "7.1.4"
    },
    "marge": {
      "options": {
        "reportDir": "cypress/results",
        "overwrite": false,
        "html": false,
        "json": true
      },
      "version": "6.3.2"
    }
  }
}