{
  "stats": {
    "suites": 1,
    "tests": 1,
    "passes": 0,
    "pending": 0,
    "failures": 1,
    "start": "2026-05-21T10:09:26.909Z",
    "end": "2026-05-21T10:09:27.077Z",
    "duration": 168,
    "testsRegistered": 1,
    "passPercent": 0,
    "pendingPercent": 0,
    "other": 0,
    "hasOther": false,
    "skipped": 0,
    "hasSkipped": false
  },
  "results": [
    {
      "uuid": "f637f8a1-b25c-49d8-87c4-f4c5ec69f024",
      "title": "",
      "fullFile": "cypress\\e2e\\Header.cy.js",
      "file": "cypress\\e2e\\Header.cy.js",
      "beforeHooks": [],
      "afterHooks": [],
      "tests": [],
      "suites": [
        {
          "uuid": "ad7c5c3a-1523-4e3f-a776-73b4870a0d69",
          "title": "Header queries",
          "fullFile": "",
          "file": "",
          "beforeHooks": [],
          "afterHooks": [],
          "tests": [
            {
              "title": "should find all header elements",
              "fullTitle": "Header queries should find all header elements",
              "timedOut": null,
              "duration": 116,
              "state": "failed",
              "speed": null,
              "pass": false,
              "fail": true,
              "pending": false,
              "context": null,
              "code": "cy.get('header .header_left svg').should('be.visible').and('have.attr', 'width', '135').and('have.attr', 'height', '30');\nnavItems.forEach(item => {\n  cy.contains(`${item.type}.header-link`, item.text).should('be.visible').and('have.attr', item.attr, item.value);\n});\ncy.contains('button.header-link', 'Guest log in').should('be.visible').and('have.class', '-guest');\ncy.get('button.header_signin').should('be.visible').and('contain', 'Sign In').and('have.class', 'btn-outline-white');",
              "err": {
                "message": "CypressError: `cy.visit()` must be called with a `url` or an `options` object containing a `url` as its 1st argument\n\nhttps://on.cypress.io/visit\n\nBecause this error occurred during a `before each` hook we are skipping the remaining tests in the current suite: `Header queries`",
                "estack": "CypressError: `cy.visit()` must be called with a `url` or an `options` object containing a `url` as its 1st argument\n\nhttps://on.cypress.io/visit\n\nBecause this error occurred during a `before each` hook we are skipping the remaining tests in the current suite: `Header queries`\n    at Context.visit (http://localhost:63699/__cypress/runner/cypress_runner.js:131230:70)\n    at wrapped (http://localhost:63699/__cypress/runner/cypress_runner.js:138084:43)\nFrom Your Spec Code:\n    at loginAsGuest (webpack://cypress-tests/./cypress/e2e/helpers/login.cy.js:4:5)\n    at Context.eval (webpack://cypress-tests/./cypress/e2e/Header.cy.js:46:17)",
                "diff": null
              },
              "uuid": "85f86261-cbf9-4e90-ba00-36fc41b406b2",
              "parentUUID": "ad7c5c3a-1523-4e3f-a776-73b4870a0d69",
              "isHook": false,
              "skipped": false
            }
          ],
          "suites": [],
          "passes": [],
          "failures": [
            "85f86261-cbf9-4e90-ba00-36fc41b406b2"
          ],
          "pending": [],
          "skipped": [],
          "duration": 116,
          "root": false,
          "rootEmpty": false,
          "_timeout": 2000
        }
      ],
      "passes": [],
      "failures": [],
      "pending": [],
      "skipped": [],
      "duration": 0,
      "root": true,
      "rootEmpty": true,
      "_timeout": 2000
    }
  ],
  "meta": {
    "mocha": {
      "version": "7.0.1"
    },
    "mochawesome": {
      "options": {
        "quiet": false,
        "reportFilename": "mochawesome",
        "saveHtml": false,
        "saveJson": true,
        "consoleReporter": "spec",
        "useInlineDiffs": false,
        "code": true
      },
      "version": "7.1.4"
    },
    "marge": {
      "options": {
        "reportDir": "cypress/results",
        "overwrite": false,
        "html": false,
        "json": true
      },
      "version": "6.3.2"
    }
  }
}