{
  "stats": {
    "suites": 1,
    "tests": 5,
    "passes": 4,
    "pending": 0,
    "failures": 1,
    "start": "2026-05-21T11:46:07.962Z",
    "end": "2026-05-21T11:46:26.282Z",
    "duration": 18320,
    "testsRegistered": 5,
    "passPercent": 80,
    "pendingPercent": 0,
    "other": 0,
    "hasOther": false,
    "skipped": 0,
    "hasSkipped": false
  },
  "results": [
    {
      "uuid": "5cc5cb0d-0edc-4f3d-98fd-e6c874c8bd36",
      "title": "",
      "fullFile": "cypress\\e2e\\Commands\\GarageCheck.cy.js",
      "file": "cypress\\e2e\\Commands\\GarageCheck.cy.js",
      "beforeHooks": [],
      "afterHooks": [],
      "tests": [],
      "suites": [
        {
          "uuid": "92cf0818-ac79-49f4-8311-689faa683704",
          "title": "Garage: Add Car Validation and Creation",
          "fullFile": "",
          "file": "",
          "beforeHooks": [],
          "afterHooks": [],
          "tests": [
            {
              "title": "Step 1: Should open pop-up and verify layout elements",
              "fullTitle": "Garage: Add Car Validation and Creation Step 1: Should open pop-up and verify layout elements",
              "timedOut": null,
              "duration": 3908,
              "state": "passed",
              "speed": "fast",
              "pass": true,
              "fail": false,
              "pending": false,
              "context": null,
              "code": "_GaragePage.garagePage.addCarBtn.click();\n_GaragePage.garagePage.modalTitle.should('be.visible').and('have.text', 'Add a car');\n_GaragePage.garagePage.closeIcon.should('be.visible');\n_GaragePage.garagePage.cancelBtn.should('be.visible');\n_GaragePage.garagePage.submitAddCarBtn.should('be.disabled');",
              "err": {},
              "uuid": "41e9680d-3270-4206-b4b4-97d4fa83a7c9",
              "parentUUID": "92cf0818-ac79-49f4-8311-689faa683704",
              "isHook": false,
              "skipped": false
            },
            {
              "title": "Step 2: Should trigger validation error on empty mileage field",
              "fullTitle": "Garage: Add Car Validation and Creation Step 2: Should trigger validation error on empty mileage field",
              "timedOut": null,
              "duration": 2607,
              "state": "passed",
              "speed": "fast",
              "pass": true,
              "fail": false,
              "pending": false,
              "context": null,
              "code": "_GaragePage.garagePage.addCarBtn.click();\n_GaragePage.garagePage.mileageInput.type('1').clear().blur();\n_GaragePage.garagePage.mileageError.should('be.visible').and('have.text', 'Mileage cost required');\n_GaragePage.garagePage.mileageInput.should('have.css', 'border-color').and('eq', _GaragePage.garagePage.redColor);\n_GaragePage.garagePage.submitAddCarBtn.should('be.disabled');",
              "err": {},
              "uuid": "37598878-057d-42fa-8043-a4bd2283b41d",
              "parentUUID": "92cf0818-ac79-49f4-8311-689faa683704",
              "isHook": false,
              "skipped": false
            },
            {
              "title": "Step 3: Should close pop-up when Cancel button is clicked",
              "fullTitle": "Garage: Add Car Validation and Creation Step 3: Should close pop-up when Cancel button is clicked",
              "timedOut": null,
              "duration": 2232,
              "state": "passed",
              "speed": "fast",
              "pass": true,
              "fail": false,
              "pending": false,
              "context": null,
              "code": "_GaragePage.garagePage.addCarBtn.click();\n_GaragePage.garagePage.cancelBtn.click();\n_GaragePage.garagePage.modalTitle.should('not.exist');",
              "err": {},
              "uuid": "437fcc07-135a-4e9b-b16b-7be702abe116",
              "parentUUID": "92cf0818-ac79-49f4-8311-689faa683704",
              "isHook": false,
              "skipped": false
            },
            {
              "title": "Step 4: Should close pop-up when Close (X) icon is clicked",
              "fullTitle": "Garage: Add Car Validation and Creation Step 4: Should close pop-up when Close (X) icon is clicked",
              "timedOut": null,
              "duration": 2156,
              "state": "passed",
              "speed": "fast",
              "pass": true,
              "fail": false,
              "pending": false,
              "context": null,
              "code": "_GaragePage.garagePage.addCarBtn.click();\n_GaragePage.garagePage.closeIcon.click();\n_GaragePage.garagePage.modalTitle.should('not.exist');",
              "err": {},
              "uuid": "ccf60892-e36f-45ee-bf05-fd92052cd956",
              "parentUUID": "92cf0818-ac79-49f4-8311-689faa683704",
              "isHook": false,
              "skipped": false
            },
            {
              "title": "Step 5: Should successfully add a new car and display it in the garage",
              "fullTitle": "Garage: Add Car Validation and Creation Step 5: Should successfully add a new car and display it in the garage",
              "timedOut": null,
              "duration": 7195,
              "state": "failed",
              "speed": null,
              "pass": false,
              "fail": true,
              "pending": false,
              "context": null,
              "code": "_GaragePage.garagePage.addCarBtn.click();\nconst brand = 'BMW';\nconst model = 'X5';\n// Генеруємо унікальний пробіг, щоб тест не зчитував старі машини з акаунта\nconst uniqueMileage = (Math.floor(Math.random() * 90000) + 1000).toString();\n// Заповнюємо форму через Page Object метод\n_GaragePage.garagePage.fillCarForm(brand, model, uniqueMileage);\n_GaragePage.garagePage.submitAddCarBtn.should('not.be.disabled').click();\n// Звертаємося до класу модалки напряму, щоб уникнути помилки undefined\n// Якщо вискочить алерт \"Not authenticated\" — поп-ап залишиться на екрані і тест впаде тут!\ncy.get('.modal-content').should('not.exist');\n// Ці перевірки виконаються, тільки якщо багу немає і модалка закрилася\n_GaragePage.garagePage.carItemName.should('be.visible').and('contain', `${brand} ${model}`);\ncy.get('.car-item').should('contain', uniqueMileage);",
              "err": {
                "message": "AssertionError: Timed out retrying after 4000ms: expected '[ <li.car-item>, 5 more... ]' to contain '15533'",
                "estack": "AssertionError: Timed out retrying after 4000ms: expected '[ <li.car-item>, 5 more... ]' to contain '15533'\n    at Context.eval (webpack://cypress-tests/./cypress/e2e/Commands/GarageCheck.cy.js:65:24)",
                "diff": null
              },
              "uuid": "f622de87-6eb4-4dbf-af9b-abf7658639b2",
              "parentUUID": "92cf0818-ac79-49f4-8311-689faa683704",
              "isHook": false,
              "skipped": false
            }
          ],
          "suites": [],
          "passes": [
            "41e9680d-3270-4206-b4b4-97d4fa83a7c9",
            "37598878-057d-42fa-8043-a4bd2283b41d",
            "437fcc07-135a-4e9b-b16b-7be702abe116",
            "ccf60892-e36f-45ee-bf05-fd92052cd956"
          ],
          "failures": [
            "f622de87-6eb4-4dbf-af9b-abf7658639b2"
          ],
          "pending": [],
          "skipped": [],
          "duration": 18098,
          "root": false,
          "rootEmpty": false,
          "_timeout": 2000
        }
      ],
      "passes": [],
      "failures": [],
      "pending": [],
      "skipped": [],
      "duration": 0,
      "root": true,
      "rootEmpty": true,
      "_timeout": 2000
    }
  ],
  "meta": {
    "mocha": {
      "version": "7.0.1"
    },
    "mochawesome": {
      "options": {
        "quiet": false,
        "reportFilename": "mochawesome",
        "saveHtml": false,
        "saveJson": true,
        "consoleReporter": "spec",
        "useInlineDiffs": false,
        "code": true
      },
      "version": "7.1.4"
    },
    "marge": {
      "options": {
        "reportDir": "cypress/results",
        "overwrite": false,
        "html": false,
        "json": true
      },
      "version": "6.3.2"
    }
  }
}