{
  "stats": {
    "suites": 1,
    "tests": 5,
    "passes": 4,
    "pending": 0,
    "failures": 1,
    "start": "2026-05-21T11:41:04.664Z",
    "end": "2026-05-21T11:41:23.821Z",
    "duration": 19157,
    "testsRegistered": 5,
    "passPercent": 80,
    "pendingPercent": 0,
    "other": 0,
    "hasOther": false,
    "skipped": 0,
    "hasSkipped": false
  },
  "results": [
    {
      "uuid": "f799d06b-e0ca-426f-8f35-99b94e07d1a7",
      "title": "",
      "fullFile": "cypress\\e2e\\Commands\\GarageCheck.cy.js",
      "file": "cypress\\e2e\\Commands\\GarageCheck.cy.js",
      "beforeHooks": [],
      "afterHooks": [],
      "tests": [],
      "suites": [
        {
          "uuid": "23431469-e643-4761-9b6c-5cb6547d88af",
          "title": "Garage: Add Car Validation and Creation",
          "fullFile": "",
          "file": "",
          "beforeHooks": [],
          "afterHooks": [],
          "tests": [
            {
              "title": "Step 1: Should open pop-up and verify layout elements",
              "fullTitle": "Garage: Add Car Validation and Creation Step 1: Should open pop-up and verify layout elements",
              "timedOut": null,
              "duration": 4005,
              "state": "passed",
              "speed": "fast",
              "pass": true,
              "fail": false,
              "pending": false,
              "context": null,
              "code": "_GaragePage.garagePage.addCarBtn.click();\n_GaragePage.garagePage.modalTitle.should('be.visible').and('have.text', 'Add a car');\n_GaragePage.garagePage.closeIcon.should('be.visible');\n_GaragePage.garagePage.cancelBtn.should('be.visible');\n_GaragePage.garagePage.submitAddCarBtn.should('be.disabled');",
              "err": {},
              "uuid": "4186924b-a83a-4c2f-b739-063deac9932b",
              "parentUUID": "23431469-e643-4761-9b6c-5cb6547d88af",
              "isHook": false,
              "skipped": false
            },
            {
              "title": "Step 2: Should trigger validation error on empty mileage field",
              "fullTitle": "Garage: Add Car Validation and Creation Step 2: Should trigger validation error on empty mileage field",
              "timedOut": null,
              "duration": 2934,
              "state": "passed",
              "speed": "fast",
              "pass": true,
              "fail": false,
              "pending": false,
              "context": null,
              "code": "_GaragePage.garagePage.addCarBtn.click();\n_GaragePage.garagePage.mileageInput.type('1').clear().blur();\n_GaragePage.garagePage.mileageError.should('be.visible').and('have.text', 'Mileage cost required');\n_GaragePage.garagePage.mileageInput.should('have.css', 'border-color').and('eq', _GaragePage.garagePage.redColor);\n_GaragePage.garagePage.submitAddCarBtn.should('be.disabled');",
              "err": {},
              "uuid": "ba22c36a-f573-474c-bf8f-11c2363e3f47",
              "parentUUID": "23431469-e643-4761-9b6c-5cb6547d88af",
              "isHook": false,
              "skipped": false
            },
            {
              "title": "Step 3: Should close pop-up when Cancel button is clicked",
              "fullTitle": "Garage: Add Car Validation and Creation Step 3: Should close pop-up when Cancel button is clicked",
              "timedOut": null,
              "duration": 2496,
              "state": "passed",
              "speed": "fast",
              "pass": true,
              "fail": false,
              "pending": false,
              "context": null,
              "code": "_GaragePage.garagePage.addCarBtn.click();\n_GaragePage.garagePage.cancelBtn.click();\n_GaragePage.garagePage.modalTitle.should('not.exist');",
              "err": {},
              "uuid": "83088ace-c4e1-40a4-a709-1a31a23e4612",
              "parentUUID": "23431469-e643-4761-9b6c-5cb6547d88af",
              "isHook": false,
              "skipped": false
            },
            {
              "title": "Step 4: Should close pop-up when Close (X) icon is clicked",
              "fullTitle": "Garage: Add Car Validation and Creation Step 4: Should close pop-up when Close (X) icon is clicked",
              "timedOut": null,
              "duration": 2229,
              "state": "passed",
              "speed": "fast",
              "pass": true,
              "fail": false,
              "pending": false,
              "context": null,
              "code": "_GaragePage.garagePage.addCarBtn.click();\n_GaragePage.garagePage.closeIcon.click();\n_GaragePage.garagePage.modalTitle.should('not.exist');",
              "err": {},
              "uuid": "19e5e39f-43e0-4c3f-afbe-66359ee24b3a",
              "parentUUID": "23431469-e643-4761-9b6c-5cb6547d88af",
              "isHook": false,
              "skipped": false
            },
            {
              "title": "Step 5: Should successfully add a new car and display it in the garage",
              "fullTitle": "Garage: Add Car Validation and Creation Step 5: Should successfully add a new car and display it in the garage",
              "timedOut": null,
              "duration": 7266,
              "state": "failed",
              "speed": null,
              "pass": false,
              "fail": true,
              "pending": false,
              "context": null,
              "code": "_GaragePage.garagePage.addCarBtn.click();\nconst brand = 'BMW';\nconst model = 'X5';\nconst uniqueMileage = (Math.floor(Math.random() * 90000) + 1000).toString();\n_GaragePage.garagePage.fillCarForm(brand, model, uniqueMileage);\n_GaragePage.garagePage.submitAddCarBtn.should('not.be.disabled').click();\n_GaragePage.garagePage.modalTitle.should('not.exist');\n_GaragePage.garagePage.carItemName.first().should('be.visible').and('contain', `${brand} ${model}`);\ncy.get('.car-item').first().should('contain', uniqueMileage);",
              "err": {
                "message": "AssertionError: Timed out retrying after 4000ms: expected '<li.car-item>' to contain '13751'",
                "estack": "AssertionError: Timed out retrying after 4000ms: expected '<li.car-item>' to contain '13751'\n    at Context.eval (webpack://cypress-tests/./cypress/e2e/Commands/GarageCheck.cy.js:61:32)",
                "diff": null
              },
              "uuid": "9b34c3c5-0899-4204-948a-4e8304784531",
              "parentUUID": "23431469-e643-4761-9b6c-5cb6547d88af",
              "isHook": false,
              "skipped": false
            }
          ],
          "suites": [],
          "passes": [
            "4186924b-a83a-4c2f-b739-063deac9932b",
            "ba22c36a-f573-474c-bf8f-11c2363e3f47",
            "83088ace-c4e1-40a4-a709-1a31a23e4612",
            "19e5e39f-43e0-4c3f-afbe-66359ee24b3a"
          ],
          "failures": [
            "9b34c3c5-0899-4204-948a-4e8304784531"
          ],
          "pending": [],
          "skipped": [],
          "duration": 18930,
          "root": false,
          "rootEmpty": false,
          "_timeout": 2000
        }
      ],
      "passes": [],
      "failures": [],
      "pending": [],
      "skipped": [],
      "duration": 0,
      "root": true,
      "rootEmpty": true,
      "_timeout": 2000
    }
  ],
  "meta": {
    "mocha": {
      "version": "7.0.1"
    },
    "mochawesome": {
      "options": {
        "quiet": false,
        "reportFilename": "mochawesome",
        "saveHtml": false,
        "saveJson": true,
        "consoleReporter": "spec",
        "useInlineDiffs": false,
        "code": true
      },
      "version": "7.1.4"
    },
    "marge": {
      "options": {
        "reportDir": "cypress/results",
        "overwrite": false,
        "html": false,
        "json": true
      },
      "version": "6.3.2"
    }
  }
}