{
  "stats": {
    "suites": 1,
    "tests": 1,
    "passes": 1,
    "pending": 0,
    "failures": 0,
    "start": "2026-05-21T10:03:26.553Z",
    "end": "2026-05-21T10:03:29.329Z",
    "duration": 2776,
    "testsRegistered": 1,
    "passPercent": 100,
    "pendingPercent": 0,
    "other": 0,
    "hasOther": false,
    "skipped": 0,
    "hasSkipped": false
  },
  "results": [
    {
      "uuid": "89edd467-d59b-426d-9954-769496e65ce2",
      "title": "",
      "fullFile": "cypress\\e2e\\Footer.cy.js",
      "file": "cypress\\e2e\\Footer.cy.js",
      "beforeHooks": [],
      "afterHooks": [],
      "tests": [],
      "suites": [
        {
          "uuid": "f12b5572-39db-4b27-8342-2d1bbf53afbc",
          "title": "Footer social links",
          "fullFile": "",
          "file": "",
          "beforeHooks": [],
          "afterHooks": [],
          "tests": [
            {
              "title": "should verify all social media links, logo and email in footer",
              "fullTitle": "Footer social links should verify all social media links, logo and email in footer",
              "timedOut": null,
              "duration": 2683,
              "state": "passed",
              "speed": "fast",
              "pass": true,
              "fail": false,
              "pending": false,
              "context": null,
              "code": "cy.get('.contacts_socials').scrollIntoView().should('be.visible');\nsocialLinks.forEach(link => {\n  cy.get(link.icon).closest('a').should('be.visible').and('have.attr', 'href', link.url);\n});\ncy.contains('a', 'ithillel.ua').should('be.visible').and('have.attr', 'href', 'https://ithillel.ua');\ncy.contains('a', 'support@ithillel.ua').should('be.visible').and('have.attr', 'href', 'mailto:developer@ithillel.ua');",
              "err": {},
              "uuid": "a2c84078-5461-44e7-88e5-2b29185e8d26",
              "parentUUID": "f12b5572-39db-4b27-8342-2d1bbf53afbc",
              "isHook": false,
              "skipped": false
            }
          ],
          "suites": [],
          "passes": [
            "a2c84078-5461-44e7-88e5-2b29185e8d26"
          ],
          "failures": [],
          "pending": [],
          "skipped": [],
          "duration": 2683,
          "root": false,
          "rootEmpty": false,
          "_timeout": 2000
        }
      ],
      "passes": [],
      "failures": [],
      "pending": [],
      "skipped": [],
      "duration": 0,
      "root": true,
      "rootEmpty": true,
      "_timeout": 2000
    }
  ],
  "meta": {
    "mocha": {
      "version": "7.0.1"
    },
    "mochawesome": {
      "options": {
        "quiet": false,
        "reportFilename": "mochawesome",
        "saveHtml": false,
        "saveJson": true,
        "consoleReporter": "spec",
        "useInlineDiffs": false,
        "code": true
      },
      "version": "7.1.4"
    },
    "marge": {
      "options": {
        "reportDir": "cypress/results",
        "overwrite": false,
        "html": false,
        "json": true
      },
      "version": "6.3.2"
    }
  }
}