{
  "stats": {
    "suites": 1,
    "tests": 4,
    "passes": 4,
    "pending": 0,
    "failures": 0,
    "start": "2026-05-21T11:14:57.302Z",
    "end": "2026-05-21T11:15:09.462Z",
    "duration": 12160,
    "testsRegistered": 4,
    "passPercent": 100,
    "pendingPercent": 0,
    "other": 0,
    "hasOther": false,
    "skipped": 0,
    "hasSkipped": false
  },
  "results": [
    {
      "uuid": "9fcb9263-7c48-46f9-9d7a-60a80981f709",
      "title": "",
      "fullFile": "cypress\\e2e\\Commands\\GarageCheck.cy.js",
      "file": "cypress\\e2e\\Commands\\GarageCheck.cy.js",
      "beforeHooks": [],
      "afterHooks": [],
      "tests": [],
      "suites": [
        {
          "uuid": "c2ca3464-6ce5-479b-ab8d-c598d9404612",
          "title": "Garage: Add Car Validation and Creation",
          "fullFile": "",
          "file": "",
          "beforeHooks": [],
          "afterHooks": [],
          "tests": [
            {
              "title": "Step 1: Should open pop-up and verify layout elements",
              "fullTitle": "Garage: Add Car Validation and Creation Step 1: Should open pop-up and verify layout elements",
              "timedOut": null,
              "duration": 3919,
              "state": "passed",
              "speed": "fast",
              "pass": true,
              "fail": false,
              "pending": false,
              "context": null,
              "code": "_GaragePage.garagePage.addCarBtn.click();\n_GaragePage.garagePage.modalTitle.should('be.visible').and('have.text', 'Add a car');\n_GaragePage.garagePage.closeIcon.should('be.visible');\n_GaragePage.garagePage.cancelBtn.should('be.visible');\n_GaragePage.garagePage.submitAddCarBtn.should('be.disabled');",
              "err": {},
              "uuid": "697b1c7e-5a55-41e9-9ed6-7410c87503da",
              "parentUUID": "c2ca3464-6ce5-479b-ab8d-c598d9404612",
              "isHook": false,
              "skipped": false
            },
            {
              "title": "Step 2: Should trigger validation error on empty mileage field",
              "fullTitle": "Garage: Add Car Validation and Creation Step 2: Should trigger validation error on empty mileage field",
              "timedOut": null,
              "duration": 2632,
              "state": "passed",
              "speed": "fast",
              "pass": true,
              "fail": false,
              "pending": false,
              "context": null,
              "code": "_GaragePage.garagePage.addCarBtn.click();\n_GaragePage.garagePage.mileageInput.type('1').clear().blur();\n_GaragePage.garagePage.mileageError.should('be.visible').and('have.text', 'Mileage cost required');\n_GaragePage.garagePage.mileageInput.should('have.css', 'border-color').and('eq', _GaragePage.garagePage.redColor);\n_GaragePage.garagePage.submitAddCarBtn.should('be.disabled');",
              "err": {},
              "uuid": "a0b3da8e-f1c0-4676-b5ac-b2438c8ca03f",
              "parentUUID": "c2ca3464-6ce5-479b-ab8d-c598d9404612",
              "isHook": false,
              "skipped": false
            },
            {
              "title": "Step 3: Should close pop-up when Cancel button is clicked",
              "fullTitle": "Garage: Add Car Validation and Creation Step 3: Should close pop-up when Cancel button is clicked",
              "timedOut": null,
              "duration": 2374,
              "state": "passed",
              "speed": "fast",
              "pass": true,
              "fail": false,
              "pending": false,
              "context": null,
              "code": "_GaragePage.garagePage.addCarBtn.click();\n_GaragePage.garagePage.cancelBtn.click();\n_GaragePage.garagePage.modalTitle.should('not.exist');",
              "err": {},
              "uuid": "e14c4d8d-05fb-4b79-a1cc-92144419165b",
              "parentUUID": "c2ca3464-6ce5-479b-ab8d-c598d9404612",
              "isHook": false,
              "skipped": false
            },
            {
              "title": "Step 4: Should successfully add a new car and display it in the garage",
              "fullTitle": "Garage: Add Car Validation and Creation Step 4: Should successfully add a new car and display it in the garage",
              "timedOut": null,
              "duration": 3055,
              "state": "passed",
              "speed": "fast",
              "pass": true,
              "fail": false,
              "pending": false,
              "context": null,
              "code": "_GaragePage.garagePage.addCarBtn.click();\nconst brand = 'BMW';\nconst model = 'X5';\nconst mileage = '150';\n_GaragePage.garagePage.fillCarForm(brand, model, mileage);\n_GaragePage.garagePage.submitAddCarBtn.should('not.be.disabled').click();\n_GaragePage.garagePage.modalTitle.should('not.exist');\n_GaragePage.garagePage.carItemName.first().should('be.visible').and('contain', `${brand} ${model}`);",
              "err": {},
              "uuid": "5b1bbc3b-7ba2-4154-a048-93b52bf74fb2",
              "parentUUID": "c2ca3464-6ce5-479b-ab8d-c598d9404612",
              "isHook": false,
              "skipped": false
            }
          ],
          "suites": [],
          "passes": [
            "697b1c7e-5a55-41e9-9ed6-7410c87503da",
            "a0b3da8e-f1c0-4676-b5ac-b2438c8ca03f",
            "e14c4d8d-05fb-4b79-a1cc-92144419165b",
            "5b1bbc3b-7ba2-4154-a048-93b52bf74fb2"
          ],
          "failures": [],
          "pending": [],
          "skipped": [],
          "duration": 11980,
          "root": false,
          "rootEmpty": false,
          "_timeout": 2000
        }
      ],
      "passes": [],
      "failures": [],
      "pending": [],
      "skipped": [],
      "duration": 0,
      "root": true,
      "rootEmpty": true,
      "_timeout": 2000
    }
  ],
  "meta": {
    "mocha": {
      "version": "7.0.1"
    },
    "mochawesome": {
      "options": {
        "quiet": false,
        "reportFilename": "mochawesome",
        "saveHtml": false,
        "saveJson": true,
        "consoleReporter": "spec",
        "useInlineDiffs": false,
        "code": true
      },
      "version": "7.1.4"
    },
    "marge": {
      "options": {
        "reportDir": "cypress/results",
        "overwrite": false,
        "html": false,
        "json": true
      },
      "version": "6.3.2"
    }
  }
}